# JRE version: Java(TM) SE Runtime Environment (7.0_51-b13) (build 1.7.0_51-b13)
# Java VM: Java HotSpot(TM) 64-Bit Server VM (24.51-b03 mixed mode bsd-amd64 compressed oops)
Heap
 PSYoungGen      total 302592K, used 23287K [0x0000000149e80000, 0x000000015f400000, 0x000000015f400000)
  eden space 279040K, 0% used [0x0000000149e80000,0x0000000149e80000,0x000000015af00000)
  from space 23552K, 98% used [0x000000015af00000,0x000000015c5bdce0,0x000000015c600000)
  to   space 36352K, 0% used [0x000000015d080000,0x000000015d080000,0x000000015f400000)
 ParOldGen       total 129536K, used 115043K [0x000000011f400000, 0x0000000127280000, 0x0000000149e80000)
  object space 129536K, 88% used [0x000000011f400000,0x0000000126458fd8,0x0000000127280000)
 PSPermGen       total 145920K, used 118111K [0x000000010f400000, 0x0000000118280000, 0x000000011f400000)
  object space 145920K, 80% used [0x000000010f400000,0x0000000116757c30,0x0000000118280000)
GC Heap History (10 events):
Event: 1178.705 GC heap after
Heap after GC invocations=21 (full 5):
 PSYoungGen      total 312320K, used 14957K [0x0000000149e80000, 0x000000015f400000, 0x000000015f400000)
  eden space 275456K, 0% used [0x0000000149e80000,0x0000000149e80000,0x000000015ab80000)
  from space 36864K, 40% used [0x000000015cd80000,0x000000015dc1b578,0x000000015f180000)
  to   space 34816K, 0% used [0x000000015ab80000,0x000000015ab80000,0x000000015cd80000)
 ParOldGen       total 129536K, used 88105K [0x000000011f400000, 0x0000000127280000, 0x0000000149e80000)
  object space 129536K, 68% used [0x000000011f400000,0x0000000124a0a7d0,0x0000000127280000)
 PSPermGen       total 119808K, used 100206K [0x000000010f400000, 0x0000000116900000, 0x000000011f400000)
  object space 119808K, 83% used [0x000000010f400000,0x00000001155dba10,0x0000000116900000)
}
Event: 1179.647 GC heap before
{Heap before GC invocations=22 (full 5):
 PSYoungGen      total 312320K, used 76787K [0x0000000149e80000, 0x000000015f400000, 0x000000015f400000)
  eden space 275456K, 22% used [0x0000000149e80000,0x000000014dae1788,0x000000015ab80000)
  from space 36864K, 40% used [0x000000015cd80000,0x000000015dc1b578,0x000000015f180000)
  to   space 34816K, 0% used [0x000000015ab80000,0x000000015ab80000,0x000000015cd80000)
 ParOldGen       total 129536K, used 88105K [0x000000011f400000, 0x0000000127280000, 0x0000000149e80000)
  object space 129536K, 68% used [0x000000011f400000,0x0000000124a0a7d0,0x0000000127280000)
 PSPermGen       total 119808K, used 102769K [0x000000010f400000, 0x0000000116900000, 0x000000011f400000)
  object space 119808K, 85% used [0x000000010f400000,0x000000011585c718,0x0000000116900000)
Event: 1179.679 GC heap after
Heap after GC invocations=22 (full 5):
 PSYoungGen      total 310272K, used 6266K [0x0000000149e80000, 0x000000015f400000, 0x000000015f400000)
  eden space 275456K, 0% used [0x0000000149e80000,0x0000000149e80000,0x000000015ab80000)
  from space 34816K, 17% used [0x000000015ab80000,0x000000015b19ea70,0x000000015cd80000)
  to   space 34304K, 0% used [0x000000015d280000,0x000000015d280000,0x000000015f400000)
 ParOldGen       total 129536K, used 100079K [0x000000011f400000, 0x0000000127280000, 0x0000000149e80000)
  object space 129536K, 77% used [0x000000011f400000,0x00000001255bbd60,0x0000000127280000)
 PSPermGen       total 119808K, used 102769K [0x000000010f400000, 0x0000000116900000, 0x000000011f400000)
  object space 119808K, 85% used [0x000000010f400000,0x000000011585c718,0x0000000116900000)
}
Event: 1179.679 GC heap before
{Heap before GC invocations=23 (full 6):
 PSYoungGen      total 310272K, used 6266K [0x0000000149e80000, 0x000000015f400000, 0x000000015f400000)
  eden space 275456K, 0% used [0x0000000149e80000,0x0000000149e80000,0x000000015ab80000)
  from space 34816K, 17% used [0x000000015ab80000,0x000000015b19ea70,0x000000015cd80000)
  to   space 34304K, 0% used [0x000000015d280000,0x000000015d280000,0x000000015f400000)
 ParOldGen       total 129536K, used 100079K [0x000000011f400000, 0x0000000127280000, 0x0000000149e80000)
  object space 129536K, 77% used [0x000000011f400000,0x00000001255bbd60,0x0000000127280000)
 PSPermGen       total 119808K, used 102769K [0x000000010f400000, 0x0000000116900000, 0x000000011f400000)
  object space 119808K, 85% used [0x000000010f400000,0x000000011585c718,0x0000000116900000)
Event: 1181.169 GC heap after
Heap after GC invocations=23 (full 6):
 PSYoungGen      total 310272K, used 0K [0x0000000149e80000, 0x000000015f400000, 0x000000015f400000)
  eden space 275456K, 0% used [0x0000000149e80000,0x0000000149e80000,0x000000015ab80000)
  from space 34816K, 0% used [0x000000015ab80000,0x000000015ab80000,0x000000015cd80000)
  to   space 34304K, 0% used [0x000000015d280000,0x000000015d280000,0x000000015f400000)
 ParOldGen       total 129536K, used 100056K [0x000000011f400000, 0x0000000127280000, 0x0000000149e80000)
  object space 129536K, 77% used [0x000000011f400000,0x00000001255b6298,0x0000000127280000)
 PSPermGen       total 145920K, used 102605K [0x000000010f400000, 0x0000000118280000, 0x000000011f400000)
  object space 145920K, 70% used [0x000000010f400000,0x0000000115833548,0x0000000118280000)
}
Event: 1188.828 GC heap before
{Heap before GC invocations=24 (full 6):
 PSYoungGen      total 310272K, used 275456K [0x0000000149e80000, 0x000000015f400000, 0x000000015f400000)
  eden space 275456K, 100% used [0x0000000149e80000,0x000000015ab80000,0x000000015ab80000)
  from space 34816K, 0% used [0x000000015ab80000,0x000000015ab80000,0x000000015cd80000)
  to   space 34304K, 0% used [0x000000015d280000,0x000000015d280000,0x000000015f400000)
 ParOldGen       total 129536K, used 100056K [0x000000011f400000, 0x0000000127280000, 0x0000000149e80000)
  object space 129536K, 77% used [0x000000011f400000,0x00000001255b6298,0x0000000127280000)
 PSPermGen       total 145920K, used 110510K [0x000000010f400000, 0x0000000118280000, 0x000000011f400000)
  object space 145920K, 75% used [0x000000010f400000,0x0000000115febb48,0x0000000118280000)
Event: 1188.891 GC heap after
Heap after GC invocations=24 (full 6):
 PSYoungGen      total 313344K, used 22304K [0x0000000149e80000, 0x000000015f400000, 0x000000015f400000)
  eden space 279040K, 0% used [0x0000000149e80000,0x0000000149e80000,0x000000015af00000)
  from space 34304K, 65% used [0x000000015d280000,0x000000015e848190,0x000000015f400000)
  to   space 35328K, 0% used [0x000000015af00000,0x000000015af00000,0x000000015d180000)
 ParOldGen       total 129536K, used 100056K [0x000000011f400000, 0x0000000127280000, 0x0000000149e80000)
  object space 129536K, 77% used [0x000000011f400000,0x00000001255b6298,0x0000000127280000)
 PSPermGen       total 145920K, used 110510K [0x000000010f400000, 0x0000000118280000, 0x000000011f400000)
  object space 145920K, 75% used [0x000000010f400000,0x0000000115febb48,0x0000000118280000)
}
Event: 1220.710 GC heap before
{Heap before GC invocations=25 (full 6):
 PSYoungGen      total 313344K, used 301344K [0x0000000149e80000, 0x000000015f400000, 0x000000015f400000)
  eden space 279040K, 100% used [0x0000000149e80000,0x000000015af00000,0x000000015af00000)
  from space 34304K, 65% used [0x000000015d280000,0x000000015e848190,0x000000015f400000)
  to   space 35328K, 0% used [0x000000015af00000,0x000000015af00000,0x000000015d180000)
 ParOldGen       total 129536K, used 100056K [0x000000011f400000, 0x0000000127280000, 0x0000000149e80000)
  object space 129536K, 77% used [0x000000011f400000,0x00000001255b6298,0x0000000127280000)
 PSPermGen       total 145920K, used 118111K [0x000000010f400000, 0x0000000118280000, 0x000000011f400000)
  object space 145920K, 80% used [0x000000010f400000,0x0000000116757c30,0x0000000118280000)
Event: 1220.783 GC heap after
Heap after GC invocations=25 (full 6):
 PSYoungGen      total 302592K, used 23287K [0x0000000149e80000, 0x000000015f400000, 0x000000015f400000)
  eden space 279040K, 0% used [0x0000000149e80000,0x0000000149e80000,0x000000015af00000)
  from space 23552K, 98% used [0x000000015af00000,0x000000015c5bdce0,0x000000015c600000)
  to   space 36352K, 0% used [0x000000015d080000,0x000000015d080000,0x000000015f400000)
 ParOldGen       total 129536K, used 115043K [0x000000011f400000, 0x0000000127280000, 0x0000000149e80000)
  object space 129536K, 88% used [0x000000011f400000,0x0000000126458fd8,0x0000000127280000)
 PSPermGen       total 145920K, used 118111K [0x000000010f400000, 0x0000000118280000, 0x000000011f400000)
  object space 145920K, 80% used [0x000000010f400000,0x0000000116757c30,0x0000000118280000)
}
Event: 1220.784 GC heap before
{Heap before GC invocations=26 (full 7):
 PSYoungGen      total 302592K, used 23287K [0x0000000149e80000, 0x000000015f400000, 0x000000015f400000)
  eden space 279040K, 0% used [0x0000000149e80000,0x0000000149e80000,0x000000015af00000)
  from space 23552K, 98% used [0x000000015af00000,0x000000015c5bdce0,0x000000015c600000)
  to   space 36352K, 0% used [0x000000015d080000,0x000000015d080000,0x000000015f400000)
 ParOldGen       total 129536K, used 115043K [0x000000011f400000, 0x0000000127280000, 0x0000000149e80000)
  object space 129536K, 88% used [0x000000011f400000,0x0000000126458fd8,0x0000000127280000)
 PSPermGen       total 145920K, used 118111K [0x000000010f400000, 0x0000000118280000, 0x000000011f400000)
  object space 145920K, 80% used [0x000000010f400000,0x0000000116757c30,0x0000000118280000)

